<?xml version="1.0" encoding="UTF-8"?>
<!-- Generated by org.testng.reporters.JUnitReportReporter -->
<testsuite skipped="0" hostname="WINDOWS-BL0PJJL" name="api_learning_arifact.api_learning_groupid.JsonSeverRequests" tests="1" failures="0" timestamp="25 Jul 2020 21:45:00 GMT" time="2.827" errors="0">
  <testcase name="Test_08" time="2.827" classname="api_learning_arifact.api_learning_groupid.JsonSeverRequests"/>
</testsuite> <!-- api_learning_arifact.api_learning_groupid.JsonSeverRequests -->
