<?xml version="1.0" encoding="UTF-8"?>
<!-- Generated by org.testng.reporters.JUnitReportReporter -->
<testsuite skipped="0" hostname="WINDOWS-BL0PJJL" name="api.test.EEAPI" tests="1" failures="0" timestamp="12 Aug 2020 15:57:53 GMT" time="7.996" errors="0">
  <testcase name="Test_Pneumovax" time="7.996" classname="api.test.EEAPI"/>
</testsuite> <!-- api.test.EEAPI -->
