<?xml version="1.0" encoding="UTF-8"?>
<!-- Generated by org.testng.reporters.JUnitReportReporter -->
<testsuite skipped="0" hostname="WINDOWS-BL0PJJL" name="api_learning_arifact.api_learning_groupid.EEAPI" tests="1" failures="0" timestamp="04 Aug 2020 21:27:09 GMT" time="5.482" errors="0">
  <testcase name="Test_Pneumovax" time="5.482" classname="api_learning_arifact.api_learning_groupid.EEAPI"/>
</testsuite> <!-- api_learning_arifact.api_learning_groupid.EEAPI -->
