<?xml version="1.0" encoding="UTF-8"?>
<!-- Generated by org.testng.reporters.JUnitReportReporter -->
<testsuite skipped="0" hostname="WINDOWS-BL0PJJL" name="api_learning_arifact.api_learning_groupid.WeatherApi" tests="2" failures="0" timestamp="25 Jul 2020 19:46:56 GMT" time="3.095" errors="0">
  <testcase name="Test_09" time="0.316" classname="api_learning_arifact.api_learning_groupid.WeatherApi"/>
  <testcase name="Test_08" time="2.779" classname="api_learning_arifact.api_learning_groupid.WeatherApi"/>
</testsuite> <!-- api_learning_arifact.api_learning_groupid.WeatherApi -->
